<?xml version="1.0" encoding="UTF-8"?>
<!-- Generated by org.testng.reporters.JUnitReportReporter -->
<testsuite hostname="HP" failures="0" tests="1" name="requestChaining.Practice" time="5.997" errors="0" timestamp="2021-12-15T23:43:33 IST" skipped="0">
  <testcase classname="requestChaining.Practice" name="practice" time="5.997"/>
  <system-out/>
</testsuite> <!-- requestChaining.Practice -->
