<?xml version="1.0" encoding="UTF-8"?>
<!-- Generated by org.testng.reporters.JUnitReportReporter -->
<testsuite hostname="HP" failures="0" tests="1" name="SerializationDeserialization.Serialization2" time="0.560" errors="0" timestamp="2021-12-16T10:42:44 IST" skipped="0">
  <testcase classname="SerializationDeserialization.Serialization2" name="serial" time="0.560"/>
  <system-out/>
</testsuite> <!-- SerializationDeserialization.Serialization2 -->
