<?xml version="1.0" encoding="UTF-8"?>
<!-- Generated by org.testng.reporters.JUnitReportReporter -->
<testsuite hostname="HP" failures="0" tests="1" name="SerializationDeserialization.Serialization" time="0.795" errors="0" timestamp="2021-12-16T10:35:40 IST" skipped="0">
  <testcase classname="SerializationDeserialization.Serialization" name="serial" time="0.795"/>
  <system-out/>
</testsuite> <!-- SerializationDeserialization.Serialization -->
