<?xml version="1.0" encoding="UTF-8"?>
<!-- Generated by org.testng.reporters.JUnitReportReporter -->
<testsuite hostname="HP" failures="0" tests="1" name="requestChaining.practice3" time="30.152" errors="0" timestamp="2021-12-16T00:19:49 IST" skipped="0">
  <testcase classname="requestChaining.practice3" name="p3" time="30.152"/>
  <system-out/>
</testsuite> <!-- requestChaining.practice3 -->
