<?xml version="1.0" encoding="UTF-8"?>
<!-- Generated by org.testng.reporters.JUnitReportReporter -->
<testsuite hostname="HP" failures="0" tests="1" name="SerializationDeserialization.Serialization3" time="0.655" errors="0" timestamp="2021-12-16T10:45:18 IST" skipped="0">
  <testcase classname="SerializationDeserialization.Serialization3" name="serial" time="0.655"/>
  <system-out/>
</testsuite> <!-- SerializationDeserialization.Serialization3 -->
