<?xml version="1.0" encoding="UTF-8"?>
<!-- Generated by org.testng.reporters.JUnitReportReporter -->
<testsuite hostname="HP" failures="0" tests="1" name="requestChaining.practice1" time="7.690" errors="0" timestamp="2021-12-15T23:59:23 IST" skipped="0">
  <testcase classname="requestChaining.practice1" name="p" time="7.690"/>
  <system-out/>
</testsuite> <!-- requestChaining.practice1 -->
