<?xml version="1.0" encoding="UTF-8"?>
<!-- Generated by org.testng.reporters.JUnitReportReporter -->
<testsuite hostname="HP" failures="0" tests="1" name="A.AddSingleProjectWithCreatedStatus" time="5.763" errors="0" timestamp="2021-12-14T16:28:54 IST" skipped="0">
  <testcase classname="A.AddSingleProjectWithCreatedStatus" name="addSingleProjectWithCreatedStatus" time="5.763"/>
  <system-out/>
</testsuite> <!-- A.AddSingleProjectWithCreatedStatus -->
