<?xml version="1.0" encoding="UTF-8"?>
<!-- Generated by org.testng.reporters.JUnitReportReporter -->
<testsuite hostname="HP" failures="0" tests="1" name="requestChaining.GetAndDelete" time="7.216" errors="0" timestamp="2021-12-16T00:47:31 IST" skipped="0">
  <testcase classname="requestChaining.GetAndDelete" name="requestChaining" time="7.216"/>
  <system-out/>
</testsuite> <!-- requestChaining.GetAndDelete -->
