<?xml version="1.0" encoding="UTF-8"?>
<!-- Generated by org.testng.reporters.JUnitReportReporter -->
<testsuite hostname="HP" failures="0" tests="1" name="RestAssuredWithoutBDD.GetResource" time="5.093" errors="0" timestamp="2021-12-15T14:29:17 IST" skipped="0">
  <testcase classname="RestAssuredWithoutBDD.GetResource" name="get" time="5.093"/>
  <system-out/>
</testsuite> <!-- RestAssuredWithoutBDD.GetResource -->
