<?xml version="1.0" encoding="UTF-8"?>
<!-- Generated by org.testng.reporters.JUnitReportReporter -->
<testsuite hostname="HP" failures="0" tests="1" name="RestAssuredWithBDD.CreateResource" time="6.889" errors="0" timestamp="2021-12-16T12:52:45 IST" skipped="0">
  <testcase classname="RestAssuredWithBDD.CreateResource" name="create" time="6.889"/>
  <system-out/>
</testsuite> <!-- RestAssuredWithBDD.CreateResource -->
