<?xml version="1.0" encoding="UTF-8"?>
<!-- Generated by org.testng.reporters.JUnitReportReporter -->
<testsuite hostname="HP" failures="0" tests="1" name="requestChaining.BasicAuth" time="0.246" errors="0" timestamp="2021-12-15T23:43:00 IST" skipped="0">
  <testcase classname="requestChaining.BasicAuth" name="basicAuth" time="0.246"/>
  <system-out/>
</testsuite> <!-- requestChaining.BasicAuth -->
